TN:
SF:../syster-diagram-core/src/converter.ts
FNF:4
FNH:0
DA:10,43
DA:11,43
DA:63,21
DA:66,0
DA:67,1
DA:71,0
DA:72,0
DA:73,0
DA:74,0
DA:75,0
DA:76,0
DA:77,0
DA:78,0
DA:79,0
DA:80,0
DA:81,0
DA:82,0
DA:83,0
DA:84,0
DA:85,0
DA:86,0
DA:87,0
DA:88,0
DA:89,0
DA:90,0
DA:91,0
DA:92,0
DA:93,0
DA:94,0
DA:95,0
DA:96,0
DA:97,0
DA:98,0
DA:99,0
DA:100,0
DA:101,0
DA:102,0
DA:103,0
DA:104,0
DA:105,0
DA:106,0
DA:107,0
DA:108,0
DA:109,0
DA:110,0
DA:111,0
DA:112,0
DA:113,0
DA:114,0
DA:115,0
DA:116,0
DA:117,0
DA:118,0
DA:119,0
DA:120,0
DA:121,0
DA:122,0
DA:123,0
DA:124,0
DA:125,0
DA:126,0
DA:127,0
DA:128,0
DA:129,0
DA:130,0
DA:131,0
DA:132,0
DA:133,0
DA:134,0
DA:135,0
DA:136,0
DA:137,0
DA:138,0
DA:139,0
DA:140,0
DA:141,0
DA:142,0
DA:143,0
DA:144,0
DA:145,0
DA:146,0
DA:147,0
DA:148,0
DA:149,0
DA:150,0
DA:151,0
DA:152,0
DA:153,0
DA:154,0
DA:155,0
DA:156,0
DA:157,0
DA:158,0
DA:159,0
DA:160,0
DA:161,0
DA:162,0
DA:163,0
DA:164,0
DA:165,0
DA:166,0
DA:167,0
DA:168,0
DA:169,0
DA:170,0
DA:171,0
DA:172,0
DA:173,0
DA:174,0
DA:175,0
DA:176,0
DA:177,0
DA:178,0
DA:179,0
DA:180,0
DA:181,1
DA:185,0
DA:186,0
DA:187,0
DA:188,0
DA:189,0
DA:190,0
DA:191,0
DA:192,0
DA:193,0
DA:194,0
DA:195,0
DA:196,0
DA:197,0
DA:198,0
DA:199,0
DA:200,0
DA:201,0
DA:202,0
DA:203,0
DA:204,0
DA:205,0
DA:206,0
DA:207,0
DA:208,0
DA:209,0
DA:210,0
DA:211,0
DA:212,0
DA:213,0
DA:214,0
DA:215,0
DA:216,0
DA:217,0
DA:218,0
DA:219,1
DA:224,0
DA:225,0
DA:226,0
DA:227,0
DA:228,0
DA:229,0
DA:230,0
DA:231,0
DA:232,0
DA:233,0
DA:234,0
DA:235,0
DA:236,0
DA:237,0
DA:238,0
DA:239,0
DA:240,0
DA:241,0
DA:242,0
DA:243,0
DA:244,0
DA:245,0
DA:246,0
DA:247,0
DA:248,0
DA:249,0
LF:177
LH:6
end_of_record
TN:
SF:../syster-diagram-core/src/index.ts
FNF:1
FNH:0
DA:28,0
DA:29,0
DA:31,2
DA:33,30
DA:34,30
DA:35,28
DA:36,25
DA:37,30
DA:38,31
LF:9
LH:7
end_of_record
TN:
SF:../syster-diagram-core/src/layout.ts
FNF:1
FNH:0
DA:18,35
DA:19,19
DA:20,19
DA:21,19
DA:22,17
DA:23,2
DA:26,35
DA:27,17
DA:28,11
DA:29,2
DA:123,0
DA:124,0
DA:125,0
DA:126,0
DA:127,0
DA:128,0
DA:129,0
LF:17
LH:10
end_of_record
TN:
SF:../syster-diagram-core/src/sysml-edges.ts
FNF:2
FNH:0
DA:17,28
DA:19,35
DA:20,31
DA:21,27
DA:22,19
DA:23,47
DA:24,39
DA:25,29
DA:28,21
DA:29,21
DA:30,21
DA:31,21
DA:32,19
DA:33,19
DA:34,27
DA:37,29
DA:38,27
DA:39,21
DA:40,27
DA:41,15
DA:42,27
DA:43,25
DA:44,2
DA:214,32
DA:215,25
DA:216,24
DA:217,21
DA:218,24
DA:219,18
DA:220,24
DA:221,22
DA:222,2
DA:225,0
DA:226,1
DA:230,0
LF:35
LH:33
end_of_record
TN:
SF:../syster-diagram-core/src/sysml-nodes.ts
FNF:2
FNH:0
DA:22,28
DA:24,22
DA:25,22
DA:26,26
DA:27,24
DA:28,22
DA:29,32
DA:30,36
DA:31,28
DA:32,22
DA:33,39
DA:34,47
DA:35,29
DA:36,22
DA:37,32
DA:38,32
DA:39,34
DA:40,36
DA:41,34
DA:42,34
DA:43,36
DA:44,22
DA:45,34
DA:46,32
DA:47,34
DA:48,30
DA:51,26
DA:52,26
DA:53,30
DA:54,26
DA:55,36
DA:56,40
DA:57,32
DA:58,26
DA:59,26
DA:60,40
DA:61,55
DA:62,45
DA:63,43
DA:64,48
DA:65,28
DA:66,38
DA:67,38
DA:68,34
DA:69,36
DA:70,36
DA:71,38
DA:72,40
DA:73,38
DA:74,36
DA:75,38
DA:76,24
DA:77,2
DA:80,36
DA:81,11
DA:82,13
DA:83,15
DA:84,2
DA:493,0
DA:494,1
DA:498,0
LF:61
LH:59
end_of_record
TN:
SF:../syster-diagram-core/src/sysml-views.ts
FNF:9
FNH:0
DA:19,28
DA:21,25
DA:23,41
DA:25,32
DA:27,42
DA:29,25
DA:30,2
DA:35,29
DA:37,22
DA:38,22
DA:39,26
DA:40,24
DA:41,36
DA:42,22
DA:43,32
DA:46,26
DA:47,26
DA:48,30
DA:49,28
DA:50,40
DA:51,38
DA:52,26
DA:53,36
DA:54,36
DA:55,2
DA:85,0
DA:86,0
DA:87,0
DA:88,0
DA:89,0
DA:90,1
DA:96,0
DA:97,0
DA:98,0
DA:99,0
DA:100,0
DA:101,1
DA:107,0
DA:108,0
DA:109,0
DA:110,0
DA:111,0
DA:112,0
DA:113,1
DA:145,0
DA:146,0
DA:147,0
DA:148,0
DA:149,0
DA:150,1
DA:156,0
DA:157,0
DA:158,0
DA:159,0
DA:160,0
DA:161,1
DA:167,0
DA:168,0
DA:169,0
DA:170,0
DA:171,0
DA:172,1
DA:330,0
DA:331,0
DA:332,0
DA:333,0
DA:334,0
DA:335,0
DA:336,0
DA:337,0
DA:338,0
DA:339,0
DA:340,0
DA:341,0
DA:342,0
DA:343,1
DA:349,0
DA:350,0
DA:351,0
DA:352,0
DA:353,0
DA:354,0
DA:355,0
DA:356,0
DA:357,0
DA:358,0
DA:359,0
DA:360,1
DA:366,0
DA:367,0
DA:368,0
DA:369,0
DA:370,0
DA:371,0
DA:372,0
DA:373,0
DA:374,0
DA:375,0
DA:376,0
LF:99
LH:33
end_of_record
TN:
SF:../syster-diagram-core/src/view-resolver.ts
FNF:14
FNH:0
DA:16,43
DA:80,0
DA:81,0
DA:82,0
DA:83,0
DA:84,1
DA:90,0
DA:91,1
DA:97,0
DA:98,1
DA:106,0
DA:107,0
DA:108,0
DA:109,0
DA:110,0
DA:111,0
DA:112,0
DA:113,0
DA:114,0
DA:115,0
DA:116,0
DA:117,0
DA:118,0
DA:125,0
DA:126,0
DA:127,0
DA:128,0
DA:129,0
DA:130,0
DA:131,0
DA:132,0
DA:133,0
DA:134,0
DA:135,0
DA:136,0
DA:137,0
DA:138,0
DA:139,0
DA:140,0
DA:141,0
DA:142,0
DA:143,0
DA:150,0
DA:151,0
DA:152,0
DA:153,0
DA:154,0
DA:155,0
DA:156,0
DA:157,0
DA:158,0
DA:159,0
DA:160,0
DA:161,0
DA:162,0
DA:163,0
DA:164,0
DA:165,0
DA:166,0
DA:167,0
DA:168,0
DA:169,0
DA:176,0
DA:177,0
DA:178,0
DA:179,0
DA:180,0
DA:181,0
DA:182,0
DA:183,0
DA:184,0
DA:185,0
DA:186,0
DA:187,0
DA:188,0
DA:189,0
DA:190,0
DA:191,0
DA:192,0
DA:193,0
DA:194,1
DA:202,0
DA:203,0
DA:204,0
DA:205,0
DA:206,0
DA:207,0
DA:208,0
DA:209,0
DA:210,0
DA:211,0
DA:212,0
DA:219,0
DA:220,0
DA:221,0
DA:222,0
DA:223,0
DA:224,0
DA:225,0
DA:226,0
DA:227,0
DA:228,0
DA:229,0
DA:230,0
DA:231,0
DA:232,0
DA:233,0
DA:234,0
DA:235,0
DA:236,0
DA:237,0
DA:238,0
DA:239,0
DA:240,0
DA:241,0
DA:242,0
DA:243,0
DA:244,0
DA:245,0
DA:246,0
DA:247,0
DA:248,1
DA:256,0
DA:257,0
DA:258,0
DA:259,0
DA:260,0
DA:261,0
DA:262,0
DA:263,0
DA:264,0
DA:265,0
DA:266,1
DA:272,0
DA:273,0
DA:274,0
DA:275,0
DA:276,0
DA:277,0
DA:278,0
DA:279,0
DA:280,0
DA:281,0
DA:282,0
DA:283,0
DA:284,0
DA:285,0
DA:286,0
DA:287,0
DA:288,1
DA:321,0
DA:322,0
DA:323,0
DA:324,0
DA:325,0
DA:326,0
DA:327,0
DA:328,0
DA:329,0
DA:330,0
DA:331,0
DA:332,0
DA:333,0
DA:334,0
DA:335,0
DA:336,0
DA:337,0
DA:338,0
DA:339,0
DA:340,0
DA:341,0
DA:342,0
DA:343,0
DA:344,0
DA:345,0
DA:346,0
DA:347,0
DA:348,0
DA:349,1
DA:357,0
DA:358,0
DA:359,0
DA:360,0
DA:361,0
DA:362,0
DA:363,0
DA:364,0
DA:365,0
DA:366,0
DA:367,0
DA:368,0
DA:369,0
DA:370,0
DA:371,0
DA:372,0
DA:373,0
DA:374,0
DA:375,0
DA:376,1
DA:383,0
DA:384,0
DA:385,0
DA:386,0
DA:387,0
DA:388,0
DA:389,0
DA:390,0
DA:391,0
DA:392,0
DA:393,0
DA:394,0
DA:395,0
DA:396,0
DA:397,0
LF:214
LH:10
end_of_record
TN:
SF:src/edges/edgeConfig.ts
FNF:5
FNH:5
DA:1,50
DA:2,43
DA:22,17
DA:24,18
DA:26,24
DA:28,23
DA:30,24
DA:32,23
DA:33,2
DA:38,34
DA:39,21
DA:40,17
DA:41,39
DA:42,19
DA:43,2
DA:46,35
DA:47,21
DA:48,17
DA:49,25
DA:50,39
DA:51,19
DA:52,2
DA:55,39
DA:56,21
DA:57,17
DA:58,25
DA:59,33
DA:60,19
DA:61,2
DA:64,38
DA:65,21
DA:66,17
DA:67,33
DA:68,19
DA:69,2
DA:80,31
DA:84,65
DA:85,52
DA:86,66
DA:87,62
DA:88,75
DA:89,74
DA:90,73
DA:91,98
DA:96,53
DA:100,67
DA:105,62
DA:106,53
DA:107,57
DA:108,61
DA:109,68
DA:110,66
DA:115,68
DA:116,68
DA:117,60
DA:122,70
DA:123,65
DA:124,2
DA:130,19
DA:131,38
DA:132,27
DA:133,19
DA:134,35
DA:135,1
LF:64
LH:64
end_of_record
TN:
SF:src/edges/edgeFactory.tsx
FNF:5
FNH:4
DA:2,81
DA:8,50
DA:9,44
DA:35,14
DA:36,16
DA:37,11
DA:38,72
DA:39,18
DA:49,27
DA:50,0
DA:51,0
DA:52,0
DA:53,0
DA:54,0
DA:55,0
DA:56,0
DA:57,0
DA:58,0
DA:59,0
DA:60,0
DA:61,0
DA:62,0
DA:63,0
DA:64,0
DA:65,0
DA:66,0
DA:67,0
DA:68,0
DA:69,0
DA:70,0
DA:71,0
DA:72,0
DA:73,0
DA:74,0
DA:75,0
DA:76,0
DA:77,0
DA:78,0
DA:79,0
DA:80,0
DA:81,0
DA:82,0
DA:83,0
DA:84,0
DA:85,0
DA:86,0
DA:87,0
DA:88,0
DA:89,0
DA:90,0
DA:91,0
DA:92,0
DA:93,0
DA:94,0
DA:95,0
DA:96,0
DA:97,0
DA:98,0
DA:99,0
DA:100,0
DA:101,0
DA:102,0
DA:103,0
DA:104,0
DA:105,0
DA:106,0
DA:107,0
DA:108,0
DA:109,0
DA:110,0
DA:111,0
DA:112,3
DA:117,65
DA:118,17
DA:135,43
DA:136,46
DA:137,11
DA:138,51
DA:139,1
DA:140,2
LF:80
LH:18
end_of_record
TN:
SF:src/edges/index.ts
FNF:1
FNH:1
DA:5,59
DA:8,58
LF:2
LH:2
end_of_record
TN:
SF:src/nodes/SysMLNode.tsx
FNF:1
FNH:0
DA:2,49
DA:18,0
DA:19,0
DA:20,0
DA:21,0
DA:22,0
DA:23,0
DA:24,0
DA:25,0
DA:26,0
DA:27,0
DA:28,0
DA:29,0
DA:30,0
DA:31,0
DA:32,0
DA:33,0
DA:34,0
DA:35,0
DA:36,0
DA:37,0
DA:38,0
DA:39,0
DA:40,0
DA:41,0
DA:42,0
DA:43,0
DA:44,0
DA:45,0
DA:46,0
DA:47,0
DA:48,0
DA:49,0
DA:50,0
DA:51,0
DA:52,0
DA:53,0
DA:54,0
DA:55,0
DA:56,0
DA:57,0
DA:58,0
DA:59,0
DA:60,0
DA:61,0
DA:62,0
DA:63,0
DA:64,0
DA:65,0
DA:66,0
DA:67,0
DA:68,0
DA:69,0
DA:70,0
DA:71,0
DA:72,0
DA:73,0
DA:74,0
DA:75,0
DA:76,0
DA:77,0
DA:78,0
DA:79,0
DA:80,0
DA:81,1
LF:65
LH:2
end_of_record
TN:
SF:src/nodes/index.ts
FNF:1
FNH:1
DA:1,40
DA:4,44
DA:7,73
LF:3
LH:3
end_of_record
TN:
SF:src/nodes/nodeConfig.ts
FNF:4
FNH:4
DA:1,50
DA:20,17
DA:22,24
DA:24,23
DA:26,24
DA:28,25
DA:30,18
DA:32,18
DA:34,17
DA:35,2
DA:40,31
DA:41,21
DA:42,28
DA:43,19
DA:44,2
DA:47,34
DA:48,21
DA:49,28
DA:50,20
DA:51,2
DA:54,33
DA:55,21
DA:56,19
DA:57,19
DA:58,2
DA:61,36
DA:62,21
DA:63,19
DA:64,20
DA:65,2
DA:75,31
DA:79,56
DA:80,60
DA:82,56
DA:83,60
DA:85,66
DA:86,70
DA:88,68
DA:89,72
DA:91,68
DA:92,72
DA:94,68
DA:95,70
DA:96,67
DA:101,58
DA:102,62
DA:104,65
DA:105,69
DA:107,67
DA:108,71
DA:110,58
DA:111,62
DA:116,60
DA:117,64
DA:118,73
DA:120,58
DA:121,62
DA:122,72
DA:124,70
DA:125,67
DA:130,71
DA:131,75
DA:132,79
DA:134,63
DA:135,67
DA:137,69
DA:138,73
DA:143,50
DA:144,54
DA:146,58
DA:147,69
DA:149,68
DA:150,76
DA:155,50
DA:156,54
DA:158,60
DA:159,60
DA:164,63
DA:165,65
DA:167,65
DA:168,62
DA:170,56
DA:171,1
LF:83
LH:83
end_of_record
TN:
SF:src/nodes/nodeFactory.tsx
FNF:4
FNH:2
DA:2,40
DA:3,44
DA:34,17
DA:35,0
DA:36,0
DA:37,0
DA:38,0
DA:39,0
DA:40,0
DA:41,0
DA:43,3
DA:45,77
DA:46,21
DA:66,43
DA:67,83
DA:68,3
DA:76,0
LF:17
LH:9
end_of_record
TN:
SF:src/views/ViewFrame.tsx
FNF:1
FNH:0
DA:8,73
DA:10,50
DA:11,37
DA:12,37
DA:26,23
DA:27,65
DA:28,89
DA:29,81
DA:30,91
DA:31,72
DA:32,2
DA:34,0
DA:35,0
DA:36,0
DA:37,0
DA:38,0
DA:39,0
DA:40,0
DA:41,0
DA:42,0
DA:43,0
DA:44,0
DA:45,0
DA:46,0
DA:47,0
DA:48,0
DA:49,0
DA:50,0
DA:51,0
DA:52,0
DA:53,0
DA:54,0
DA:55,0
DA:56,0
DA:57,0
DA:58,0
DA:59,0
DA:60,0
DA:61,0
DA:62,0
DA:63,0
DA:64,0
DA:65,0
DA:66,0
DA:67,0
DA:68,0
DA:69,0
DA:70,0
DA:71,0
DA:72,0
DA:73,0
DA:74,0
DA:75,0
DA:76,0
DA:77,0
DA:78,0
DA:79,0
DA:80,0
DA:81,0
DA:82,0
DA:83,0
DA:84,0
DA:85,0
DA:86,0
DA:87,0
DA:88,0
DA:89,0
DA:90,0
DA:91,0
DA:92,0
DA:93,0
DA:94,0
DA:95,0
DA:96,0
DA:97,0
DA:98,1
LF:76
LH:12
end_of_record
TN:
SF:src/views/ViewRenderer.tsx
FNF:7
FNH:0
DA:8,26
DA:10,50
DA:11,40
DA:12,100
DA:28,0
DA:29,0
DA:30,0
DA:31,0
DA:32,0
DA:33,0
DA:34,0
DA:35,0
DA:41,0
DA:42,0
DA:43,0
DA:44,0
DA:45,0
DA:46,1
DA:50,0
DA:51,0
DA:52,0
DA:53,0
DA:54,0
DA:55,0
DA:56,0
DA:57,0
DA:58,0
DA:59,0
DA:60,0
DA:61,0
DA:62,0
DA:63,0
DA:64,0
DA:65,0
DA:66,0
DA:67,0
DA:68,0
DA:69,0
DA:70,0
DA:71,0
DA:72,0
DA:73,0
DA:74,0
DA:75,0
DA:76,0
DA:77,2
DA:81,0
DA:82,2
DA:85,0
DA:86,2
DA:89,0
DA:90,2
DA:93,0
DA:94,2
DA:97,27
LF:55
LH:11
end_of_record
TN:
SF:src/views/index.ts
FNF:1
FNH:1
DA:5,40
DA:6,153
DA:14,29
LF:3
LH:3
end_of_record
TN:
SF:src/views/layoutUtils.ts
FNF:20
FNH:20
DA:19,26
DA:20,17
DA:21,17
DA:22,20
DA:23,19
DA:24,16
DA:25,2
DA:28,16
DA:29,24
DA:30,30
DA:31,63
DA:32,43
DA:33,2
DA:34,13
DA:38,6
DA:39,7
DA:40,7
DA:41,14
DA:42,3
DA:43,34
DA:44,25
DA:47,56
DA:48,90
DA:51,53
DA:52,42
DA:54,29
DA:55,40
DA:56,50
DA:57,35
DA:58,40
DA:59,53
DA:60,4
DA:61,2
DA:62,2
DA:65,51
DA:66,58
DA:68,14
DA:72,6
DA:73,7
DA:74,7
DA:75,11
DA:76,3
DA:77,107
DA:79,47
DA:80,51
DA:83,26
DA:84,25
DA:85,38
DA:86,51
DA:87,27
DA:88,4
DA:91,31
DA:92,43
DA:93,48
DA:94,43
DA:95,95
DA:97,73
DA:98,54
DA:100,17
DA:101,11
DA:102,57
DA:103,1
DA:104,2
DA:108,6
DA:109,7
DA:110,11
DA:111,3
DA:112,96
DA:113,53
DA:115,38
DA:116,9
DA:117,17
DA:118,51
DA:119,59
DA:120,3
DA:121,3
DA:125,6
DA:126,7
DA:127,12
DA:128,3
DA:129,31
DA:130,64
DA:132,30
DA:133,24
DA:134,63
DA:135,27
DA:136,31
DA:137,23
DA:138,5
DA:139,4
DA:140,4
DA:141,43
DA:142,2
DA:144,14
DA:148,16
DA:149,52
DA:153,22
DA:154,35
DA:155,9
DA:156,25
DA:157,58
DA:158,3
DA:159,2
LF:103
LH:103
end_of_record
